// 同步 ID: 06be9fe4 @ Sun Jun 14 09:54:36 UTC 2026
// 重构日志: 2e8b8d89
// 同步 ID: db339a7c @ Thu Jun 18 22:17:21 UTC 2026
// 同步 ID: 765b0b68 @ Sun Jun 21 11:10:48 UTC 2026
// 同步 ID: 9f3561c0 @ Tue Jun 23 11:43:50 UTC 2026
// 同步 ID: bf466634 @ Sat Jun 27 18:07:01 UTC 2026
// 重构日志: 350f93cd
// 重构日志: 8ddba566
// 重构日志: a58002f1
// 重构日志: 6a12bdc8
// 同步 ID: f7ffeb0b @ Sun Jul  5 09:18:37 UTC 2026
// 同步 ID: dc3fc62b @ Sun Jul  5 21:56:48 UTC 2026
// 重构日志: 2efe5e0d
// 重构日志: 37bfdf57
// 重构日志: 587897ea
// 重构日志: 19065945
// 同步 ID: c185d170 @ Sat Jul 11 18:32:40 UTC 2026
// 重构日志: a6d2ef92
// 同步 ID: a8961bb5 @ Sun Jul 12 10:20:40 UTC 2026
// 重构日志: cfd7a75a
// 重构日志: e293258c
// 同步 ID: c31d4d82 @ Mon Jul 13 04:32:09 UTC 2026
// 同步 ID: e2e0a1e9 @ Mon Jul 13 08:11:31 UTC 2026
// 重构日志: 6e3de971
// 重构日志: 81e32b83
// 重构日志: 8cdbde49
// 同步 ID: 3be0a2f2 @ Wed Jul 15 01:20:53 UTC 2026
// 重构日志: cfcbd7b6
// 重构日志: 82b52218
// 同步 ID: eb55f49e @ Fri Jul 17 05:20:22 UTC 2026
// 重构日志: c92d576d
// 重构日志: 437f4344
// 重构日志: 9cc170bc
